\BOOKMARK [1][-]{section.1}{Mat\351riel g\351n\351rale}{}% 1
\BOOKMARK [1][-]{section.2}{Organisation g\351n\351rale}{}% 2
\BOOKMARK [1][-]{section.3}{Protocoles flore}{}% 3
\BOOKMARK [2][-]{subsection.3.1}{Relev\351 phytosocio}{section.3}% 4
\BOOKMARK [3][-]{subsubsection.3.1.1}{Mat\351riel}{subsection.3.1}% 5
\BOOKMARK [3][-]{subsubsection.3.1.2}{Protocole}{subsection.3.1}% 6
\BOOKMARK [2][-]{subsection.3.2}{Relev\351 quadras}{section.3}% 7
\BOOKMARK [3][-]{subsubsection.3.2.1}{Mat\351riel}{subsection.3.2}% 8
\BOOKMARK [3][-]{subsubsection.3.2.2}{Protocole}{subsection.3.2}% 9
\BOOKMARK [2][-]{subsection.3.3}{Sensibilit\351 \340 la pollinisation}{section.3}% 10
\BOOKMARK [3][-]{subsubsection.3.3.1}{Mat\351riel}{subsection.3.3}% 11
\BOOKMARK [3][-]{subsubsection.3.3.2}{Protocole}{subsection.3.3}% 12
\BOOKMARK [1][-]{section.4}{Protocoles insectes}{}% 13
\BOOKMARK [2][-]{subsection.4.1}{Relev\351 de la communaut\351 prospectrice}{section.4}% 14
\BOOKMARK [3][-]{subsubsection.4.1.1}{Mat\351riel}{subsection.4.1}% 15
\BOOKMARK [3][-]{subsubsection.4.1.2}{Protocole}{subsection.4.1}% 16
\BOOKMARK [2][-]{subsection.4.2}{Relev\351 des interactions de pollinisation}{section.4}% 17
\BOOKMARK [3][-]{subsubsection.4.2.1}{Mat\351riel}{subsection.4.2}% 18
\BOOKMARK [3][-]{subsubsection.4.2.2}{Protocole}{subsection.4.2}% 19
\BOOKMARK [1][-]{section.5}{Protocoles services}{}% 20
\BOOKMARK [2][-]{subsection.5.1}{stockes de carbone}{section.5}% 21
\BOOKMARK [3][-]{subsubsection.5.1.1}{Mat\351riel}{subsection.5.1}% 22
\BOOKMARK [3][-]{subsubsection.5.1.2}{Protocole}{subsection.5.1}% 23
